[debug] [2021-10-21T21:50:26.487Z] ----------------------------------------------------------------------
[debug] [2021-10-21T21:50:26.489Z] Command:       C:\Program Files\nodejs\node.exe C:\Users\Game Dev\AppData\Roaming\npm\node_modules\firebase-tools\lib\bin\firebase.js deploy --only functions
[debug] [2021-10-21T21:50:26.489Z] CLI Version:   9.20.0
[debug] [2021-10-21T21:50:26.489Z] Platform:      win32
[debug] [2021-10-21T21:50:26.489Z] Node Version:  v14.16.0
[debug] [2021-10-21T21:50:26.490Z] Time:          Fri Oct 22 2021 00:50:26 GMT+0300 (Eastern European Summer Time)
[debug] [2021-10-21T21:50:26.490Z] ----------------------------------------------------------------------
[debug] 
[debug] [2021-10-21T21:50:26.529Z] > command requires scopes: ["email","openid","https://www.googleapis.com/auth/cloudplatformprojects.readonly","https://www.googleapis.com/auth/firebase","https://www.googleapis.com/auth/cloud-platform"]
[debug] [2021-10-21T21:50:26.530Z] > authorizing via signed-in user (helmeseanualexandru@gmail.com)
[debug] [2021-10-21T21:50:26.530Z] [iam] checking project clay-netw for permissions ["cloudfunctions.functions.create","cloudfunctions.functions.delete","cloudfunctions.functions.get","cloudfunctions.functions.list","cloudfunctions.functions.update","cloudfunctions.operations.get","firebase.projects.get"]
[debug] [2021-10-21T21:50:26.531Z] > refreshing access token with scopes: ["email","https://www.googleapis.com/auth/cloud-platform","https://www.googleapis.com/auth/cloudplatformprojects.readonly","https://www.googleapis.com/auth/firebase","openid"]
[debug] [2021-10-21T21:50:26.531Z] >>> HTTP REQUEST POST https://www.googleapis.com/oauth2/v3/token  
 <request body omitted>
[debug] [2021-10-21T21:50:26.869Z] <<< HTTP RESPONSE 200 {"expires":"Mon, 01 Jan 1990 00:00:00 GMT","date":"Thu, 21 Oct 2021 21:50:26 GMT","cache-control":"no-cache, no-store, max-age=0, must-revalidate","pragma":"no-cache","content-type":"application/json; charset=utf-8","vary":"X-Origin, Referer, Origin,Accept-Encoding","server":"scaffolding on HTTPServer2","x-xss-protection":"0","x-frame-options":"SAMEORIGIN","x-content-type-options":"nosniff","alt-svc":"h3=\":443\"; ma=2592000,h3-29=\":443\"; ma=2592000,h3-Q050=\":443\"; ma=2592000,h3-Q046=\":443\"; ma=2592000,h3-Q043=\":443\"; ma=2592000","accept-ranges":"none","transfer-encoding":"chunked"}
[debug] [2021-10-21T21:50:26.877Z] >>> HTTP REQUEST POST https://cloudresourcemanager.googleapis.com/v1/projects/clay-netw:testIamPermissions  
 {"permissions":["cloudfunctions.functions.create","cloudfunctions.functions.delete","cloudfunctions.functions.get","cloudfunctions.functions.list","cloudfunctions.functions.update","cloudfunctions.operations.get","firebase.projects.get"]}
[debug] [2021-10-21T21:50:27.851Z] <<< HTTP RESPONSE 200 {"content-type":"application/json; charset=UTF-8","vary":"X-Origin, Referer, Origin,Accept-Encoding","date":"Thu, 21 Oct 2021 21:50:27 GMT","server":"ESF","cache-control":"private","x-xss-protection":"0","x-frame-options":"SAMEORIGIN","x-content-type-options":"nosniff","server-timing":"gfet4t7; dur=753","alt-svc":"h3=\":443\"; ma=2592000,h3-29=\":443\"; ma=2592000,h3-T051=\":443\"; ma=2592000,h3-Q050=\":443\"; ma=2592000,h3-Q046=\":443\"; ma=2592000,h3-Q043=\":443\"; ma=2592000,quic=\":443\"; ma=2592000; v=\"46,43\"","accept-ranges":"none","transfer-encoding":"chunked"}
[debug] [2021-10-21T21:50:27.852Z] >>> HTTP REQUEST POST https://iam.googleapis.com/v1/projects/clay-netw/serviceAccounts/clay-netw@appspot.gserviceaccount.com:testIamPermissions  
 {"permissions":["iam.serviceAccounts.actAs"]}
[debug] [2021-10-21T21:50:28.869Z] <<< HTTP RESPONSE 200 {"content-type":"application/json; charset=UTF-8","vary":"X-Origin, Referer, Origin,Accept-Encoding","date":"Thu, 21 Oct 2021 21:50:28 GMT","server":"ESF","cache-control":"private","x-xss-protection":"0","x-frame-options":"SAMEORIGIN","x-content-type-options":"nosniff","alt-svc":"h3=\":443\"; ma=2592000,h3-29=\":443\"; ma=2592000,h3-Q050=\":443\"; ma=2592000,h3-Q046=\":443\"; ma=2592000,h3-Q043=\":443\"; ma=2592000","accept-ranges":"none","transfer-encoding":"chunked"}
[info] 
[info] === Deploying to 'clay-netw'...
[info] 
[info] i  deploying functions 
[info] Running command: npm --prefix "$RESOURCE_DIR" run lint
[info] +  functions: Finished running predeploy script. 
[debug] [2021-10-21T21:50:29.932Z] Validating nodejs source
[debug] [2021-10-21T21:50:32.192Z] > [functions] package.json contents: {
  "name": "functions",
  "description": "Cloud Functions for Firebase",
  "scripts": {
    "lint": "eslint .",
    "serve": "firebase emulators:start --only functions",
    "shell": "firebase functions:shell",
    "start": "npm run shell",
    "deploy": "firebase deploy --only functions",
    "logs": "firebase functions:log"
  },
  "engines": {
    "node": "14"
  },
  "main": "index.js",
  "dependencies": {
    "axios": "^0.23.0",
    "firebase-admin": "^9.8.0",
    "firebase-functions": "^3.14.1",
    "get-github-user": "^1.1.0"
  },
  "devDependencies": {
    "eslint": "^7.6.0",
    "eslint-config-google": "^0.14.0",
    "firebase-functions-test": "^0.2.0"
  },
  "private": true
}
[debug] [2021-10-21T21:50:32.192Z] Building nodejs source
[info] i  functions: ensuring required API cloudfunctions.googleapis.com is enabled... 
[info] i  functions: ensuring required API cloudbuild.googleapis.com is enabled... 
[debug] [2021-10-21T21:50:32.193Z] >>> HTTP REQUEST GET https://serviceusage.googleapis.com/v1/projects/clay-netw/services/cloudfunctions.googleapis.com  
 
[debug] [2021-10-21T21:50:32.193Z] >>> HTTP REQUEST GET https://serviceusage.googleapis.com/v1/projects/clay-netw/services/runtimeconfig.googleapis.com  
 
[debug] [2021-10-21T21:50:32.194Z] >>> HTTP REQUEST GET https://serviceusage.googleapis.com/v1/projects/clay-netw/services/cloudbuild.googleapis.com  
 
[debug] [2021-10-21T21:50:33.516Z] <<< HTTP RESPONSE 200 {"content-type":"application/json; charset=UTF-8","vary":"X-Origin, Referer, Origin,Accept-Encoding","date":"Thu, 21 Oct 2021 21:50:33 GMT","server":"ESF","cache-control":"private","x-xss-protection":"0","x-frame-options":"SAMEORIGIN","x-content-type-options":"nosniff","alt-svc":"h3=\":443\"; ma=2592000,h3-29=\":443\"; ma=2592000,h3-T051=\":443\"; ma=2592000,h3-Q050=\":443\"; ma=2592000,h3-Q046=\":443\"; ma=2592000,h3-Q043=\":443\"; ma=2592000,quic=\":443\"; ma=2592000; v=\"46,43\"","accept-ranges":"none","transfer-encoding":"chunked"}
[debug] [2021-10-21T21:50:33.584Z] <<< HTTP RESPONSE 200 {"content-type":"application/json; charset=UTF-8","vary":"X-Origin, Referer, Origin,Accept-Encoding","date":"Thu, 21 Oct 2021 21:50:33 GMT","server":"ESF","cache-control":"private","x-xss-protection":"0","x-frame-options":"SAMEORIGIN","x-content-type-options":"nosniff","alt-svc":"h3=\":443\"; ma=2592000,h3-29=\":443\"; ma=2592000,h3-T051=\":443\"; ma=2592000,h3-Q050=\":443\"; ma=2592000,h3-Q046=\":443\"; ma=2592000,h3-Q043=\":443\"; ma=2592000,quic=\":443\"; ma=2592000; v=\"46,43\"","accept-ranges":"none","transfer-encoding":"chunked"}
[info] +  functions: required API cloudbuild.googleapis.com is enabled 
[debug] [2021-10-21T21:50:33.596Z] <<< HTTP RESPONSE 200 {"content-type":"application/json; charset=UTF-8","vary":"X-Origin, Referer, Origin,Accept-Encoding","date":"Thu, 21 Oct 2021 21:50:33 GMT","server":"ESF","cache-control":"private","x-xss-protection":"0","x-frame-options":"SAMEORIGIN","x-content-type-options":"nosniff","alt-svc":"h3=\":443\"; ma=2592000,h3-29=\":443\"; ma=2592000,h3-T051=\":443\"; ma=2592000,h3-Q050=\":443\"; ma=2592000,h3-Q046=\":443\"; ma=2592000,h3-Q043=\":443\"; ma=2592000,quic=\":443\"; ma=2592000; v=\"46,43\"","accept-ranges":"none","transfer-encoding":"chunked"}
[info] +  functions: required API cloudfunctions.googleapis.com is enabled 
[debug] [2021-10-21T21:50:33.597Z] >>> HTTP REQUEST GET https://firebase.googleapis.com/v1beta1/projects/clay-netw/adminSdkConfig  
 
[debug] [2021-10-21T21:50:33.984Z] <<< HTTP RESPONSE 200 {"content-type":"application/json; charset=UTF-8","vary":"X-Origin, Referer, Origin,Accept-Encoding","date":"Thu, 21 Oct 2021 21:50:33 GMT","server":"ESF","cache-control":"private","x-xss-protection":"0","x-frame-options":"SAMEORIGIN","x-content-type-options":"nosniff","alt-svc":"h3=\":443\"; ma=2592000,h3-29=\":443\"; ma=2592000,h3-T051=\":443\"; ma=2592000,h3-Q050=\":443\"; ma=2592000,h3-Q046=\":443\"; ma=2592000,h3-Q043=\":443\"; ma=2592000,quic=\":443\"; ma=2592000; v=\"46,43\"","accept-ranges":"none","transfer-encoding":"chunked"}
[debug] [2021-10-21T21:50:33.985Z] >>> HTTP REQUEST GET https://runtimeconfig.googleapis.com/v1beta1/projects/clay-netw/configs  
 
[debug] [2021-10-21T21:50:34.864Z] <<< HTTP RESPONSE 200 {"content-type":"application/json; charset=UTF-8","vary":"X-Origin, Referer, Origin,Accept-Encoding","date":"Thu, 21 Oct 2021 21:50:34 GMT","server":"ESF","cache-control":"private","x-xss-protection":"0","x-frame-options":"SAMEORIGIN","x-content-type-options":"nosniff","alt-svc":"h3=\":443\"; ma=2592000,h3-29=\":443\"; ma=2592000,h3-Q050=\":443\"; ma=2592000,h3-Q046=\":443\"; ma=2592000,h3-Q043=\":443\"; ma=2592000","accept-ranges":"none","transfer-encoding":"chunked"}
[debug] [2021-10-21T21:50:34.866Z] Analyzing nodejs backend spec
[info] i  functions: preparing functions directory for uploading... 
[info] i  functions: packaged functions (45.13 KB) for uploading 
[info] i  pubsub: ensuring required API pubsub.googleapis.com is enabled... 
[info] i  scheduler: ensuring required API cloudscheduler.googleapis.com is enabled... 
[debug] [2021-10-21T21:50:35.007Z] >>> HTTP REQUEST GET https://serviceusage.googleapis.com/v1/projects/clay-netw/services/pubsub.googleapis.com  
 
[debug] [2021-10-21T21:50:35.008Z] >>> HTTP REQUEST GET https://serviceusage.googleapis.com/v1/projects/clay-netw/services/cloudscheduler.googleapis.com  
 
[debug] [2021-10-21T21:50:35.009Z] >>> HTTP REQUEST GET https://cloudfunctions.googleapis.com/v1/projects/clay-netw/locations/-/functions  
 
[debug] [2021-10-21T21:50:35.751Z] <<< HTTP RESPONSE 200 {"content-type":"application/json; charset=UTF-8","vary":"X-Origin, Referer, Origin,Accept-Encoding","date":"Thu, 21 Oct 2021 21:50:35 GMT","server":"ESF","cache-control":"private","x-xss-protection":"0","x-frame-options":"SAMEORIGIN","x-content-type-options":"nosniff","alt-svc":"h3=\":443\"; ma=2592000,h3-29=\":443\"; ma=2592000,h3-T051=\":443\"; ma=2592000,h3-Q050=\":443\"; ma=2592000,h3-Q046=\":443\"; ma=2592000,h3-Q043=\":443\"; ma=2592000,quic=\":443\"; ma=2592000; v=\"46,43\"","accept-ranges":"none","transfer-encoding":"chunked"}
[debug] [2021-10-21T21:50:35.752Z] >>> HTTP REQUEST POST https://cloudfunctions.googleapis.com/v1/projects/clay-netw/locations/us-central1/functions:generateUploadUrl  
 
[debug] [2021-10-21T21:50:36.220Z] <<< HTTP RESPONSE 200 {"content-type":"application/json; charset=UTF-8","vary":"X-Origin, Referer, Origin,Accept-Encoding","date":"Thu, 21 Oct 2021 21:50:36 GMT","server":"ESF","cache-control":"private","x-xss-protection":"0","x-frame-options":"SAMEORIGIN","x-content-type-options":"nosniff","alt-svc":"h3=\":443\"; ma=2592000,h3-29=\":443\"; ma=2592000,h3-T051=\":443\"; ma=2592000,h3-Q050=\":443\"; ma=2592000,h3-Q046=\":443\"; ma=2592000,h3-Q043=\":443\"; ma=2592000,quic=\":443\"; ma=2592000; v=\"46,43\"","accept-ranges":"none","transfer-encoding":"chunked"}
[info] +  scheduler: required API cloudscheduler.googleapis.com is enabled 
[debug] [2021-10-21T21:50:36.274Z] <<< HTTP RESPONSE 200 {"content-type":"application/json; charset=UTF-8","vary":"X-Origin, Referer, Origin,Accept-Encoding","date":"Thu, 21 Oct 2021 21:50:35 GMT","server":"ESF","cache-control":"private","x-xss-protection":"0","x-frame-options":"SAMEORIGIN","x-content-type-options":"nosniff","alt-svc":"h3=\":443\"; ma=2592000,h3-29=\":443\"; ma=2592000,h3-T051=\":443\"; ma=2592000,h3-Q050=\":443\"; ma=2592000,h3-Q046=\":443\"; ma=2592000,h3-Q043=\":443\"; ma=2592000,quic=\":443\"; ma=2592000; v=\"46,43\"","accept-ranges":"none","transfer-encoding":"chunked"}
[info] +  pubsub: required API pubsub.googleapis.com is enabled 
[debug] [2021-10-21T21:50:36.488Z] <<< HTTP RESPONSE 200 {"content-type":"application/json; charset=UTF-8","vary":"X-Origin, Referer, Origin,Accept-Encoding","date":"Thu, 21 Oct 2021 21:50:36 GMT","server":"ESF","cache-control":"private","x-xss-protection":"0","x-frame-options":"SAMEORIGIN","x-content-type-options":"nosniff","alt-svc":"h3=\":443\"; ma=2592000,h3-29=\":443\"; ma=2592000,h3-T051=\":443\"; ma=2592000,h3-Q050=\":443\"; ma=2592000,h3-Q046=\":443\"; ma=2592000,h3-Q043=\":443\"; ma=2592000,quic=\":443\"; ma=2592000; v=\"46,43\"","accept-ranges":"none","transfer-encoding":"chunked"}
[debug] [2021-10-21T21:50:36.489Z] >>> HTTP REQUEST PUT https://storage.googleapis.com/gcf-upload-us-central1-23e87b45-2ce2-41a1-af50-34b6aa858512/229f33bc-3a73-4772-a586-8d84b2c74673.zip?GoogleAccessId=service-844980183975@gcf-admin-robot.iam.gserviceaccount.com&Expires=1634854836&Signature=N0dWT3oyBvHjnQwAIpCqA4XLslMOveYFhgtX6rh18ognIBxiGlvQD4%2Bzw0hkqowm22WPaaOYvj9lhldfijW%2BjN5hXOw4rdY7M%2FnMU8FfRuwQnyDXc7sdQ%2FnRTPTgDkzQKpO6gmAmVhUA6CfLi%2FQL0o5M7r8%2BZwqsIFAvo17ewDhFT0tEh1DlUJUjAxrT8FRlMx8Hwfu%2FFKCXCDFYt9Nzgfk6IB3B41c0%2FQmGM8cDtLIYWR7OfkurJKzvM3DL6FZ4t3DpeyMrAx9ZvW1gGI0kCPMlbjWDzLUapjJcBs6WhJi%2Fd3WtDiHi3jRtem7K%2F%2FrEH0VLKujTkjmblEIaNvMlww%3D%3D  
 <request body omitted>
